[21:56:46.035] [INFO] Storybook Upgrade - v9.0.12
[21:56:46.046] [INFO] detect-projects-spinner-start: Detecting projects...
[21:56:46.049] [INFO] detect-projects-spinner: Detecting projects: 1 projects
[21:56:46.049] [DEBUG] Getting Storybook data...
[21:56:46.049] [DEBUG] Getting Storybook info...
[21:56:46.050] [DEBUG] Loading main config...
[21:56:46.124] [DEBUG] Getting stories paths...
[21:56:46.158] [DEBUG] Getting package manager...
[21:56:46.365] [DEBUG] Getting Storybook version...
[21:56:46.366] [DEBUG] projects/ngx-json-schema-viewer/.storybook - Validating before version... 8.6.12
[21:56:46.366] [DEBUG] projects/ngx-json-schema-viewer/.storybook - Validating upgrade compatibility...
[21:56:46.366] [DEBUG] projects/ngx-json-schema-viewer/.storybook - Fetching NPM version information...
[21:56:46.366] [DEBUG] Getting CLI versions from NPM for storybook...
[21:56:46.370] [DEBUG] Getting CLI versions from NPM for storybook@next...
[21:56:46.945] [DEBUG] projects/ngx-json-schema-viewer/.storybook - Evaluating blockers...
[21:56:46.948] [DEBUG] Getting installed version for @storybook/experimental-addon-test...
[21:56:47.507] [DEBUG] An issue occurred while trying to find dependencies metadata using npm.
[21:56:47.507] [INFO] detect-projects-spinner-stop: 1 project detected
[21:56:47.508] [DEBUG] Found 1 valid projects and 0 error projects
[21:56:47.508] [INFO] Upgrading from 8.6.12 to 9.0.12
[21:56:47.515] [INFO] upgrade-dependencies-task-start: Fetching versions to update package.json files..
[21:56:47.515] [DEBUG] Updating dependencies in projects/ngx-json-schema-viewer/.storybook...
[21:56:47.521] [INFO] upgrade-dependencies-task: /projects/ngx-json-schema-viewer/package.json
/package.json
[21:56:47.521] [DEBUG] {
  "upgradedDependencies": []
}
[21:56:47.521] [DEBUG] {
  "upgradedDevDependencies": []
}
[21:56:47.521] [DEBUG] {
  "upgradedPeerDependencies": []
}
[21:56:47.523] [DEBUG] Getting CLI versions from NPM for @chromatic-com/storybook...
[21:56:47.960] [DEBUG] {
  "upgradedDependencies": []
}
[21:56:47.960] [DEBUG] {
  "upgradedDevDependencies": [
    "@storybook/addon-docs@^9.0.12",
    "@storybook/addon-links@^9.0.12",
    "@storybook/angular@^9.0.12",
    "storybook@^9.0.12",
    "@chromatic-com/storybook@^4.0.1"
  ]
}
[21:56:47.960] [DEBUG] {
  "upgradedPeerDependencies": []
}
[21:56:47.960] [DEBUG] Getting CLI versions from NPM for @storybook/addon-docs...
[21:56:48.624] [DEBUG] Getting CLI versions from NPM for @storybook/addon-links...
[21:56:49.187] [DEBUG] Getting CLI versions from NPM for @storybook/angular...
[21:56:49.857] [DEBUG] Using cached version for storybook...
[21:56:49.857] [DEBUG] Using cached version for @chromatic-com/storybook...
[21:56:49.857] [INFO] upgrade-dependencies-task-success: Updated package versions in package.json files
[21:56:49.858] [INFO] detect-automigrations-task-start: Detecting automigrations...
[21:56:49.858] [DEBUG] Starting automigration collection across 1 projects and 15 fixes...
[21:56:49.864] [INFO] detect-automigrations-task: Checking automigrations for
projects/ngx-json-schema-viewer/.storybook...
[21:56:49.864] [DEBUG] Processing project: projects/ngx-json-schema-viewer/.storybook
[21:56:49.864] [DEBUG] Checking fix eslintPlugin for project projects/ngx-json-schema-viewer/.storybook...
[21:56:49.873] [DEBUG] Checking fix addon-mdx-gfm-remove for project projects/ngx-json-schema-viewer/.storybook...
[21:56:49.873] [DEBUG] Checking fix addon-storysource-code-panel for project projects/ngx-json-schema-viewer/.storybook...
[21:56:49.873] [DEBUG] Checking fix upgrade-storybook-related-dependencies for project projects/ngx-json-schema-viewer/.storybook...
[21:56:49.873] [DEBUG] Checking for incompatible storybook packages...
[21:56:49.876] [DEBUG] Getting installed version for @storybook/addon-essentials...
[21:56:49.879] [DEBUG] Getting installed version for @storybook/addon-interactions...
[21:56:49.881] [DEBUG] Getting installed version for @storybook/addon-styling-webpack...
[21:56:49.884] [DEBUG] Getting installed version for @storybook/blocks...
[21:56:49.887] [DEBUG] Getting installed version for @storybook/manager-api...
[21:56:49.892] [DEBUG] Getting installed version for @storybook/test...
[21:56:49.897] [DEBUG] Getting installed version for @storybook/theming...
[21:56:49.905] [DEBUG] Getting installed version for @chromatic-com/storybook...
[21:56:51.290] [DEBUG] An issue occurred while trying to find dependencies metadata using npm.
[21:56:51.290] [DEBUG] Getting CLI versions from NPM for @storybook/addon-essentials...
[21:56:51.677] [DEBUG] An issue occurred while trying to find dependencies metadata using npm.
[21:56:51.677] [DEBUG] Using cached version for @chromatic-com/storybook...
[21:56:51.685] [DEBUG] An issue occurred while trying to find dependencies metadata using npm.
[21:56:51.685] [DEBUG] Getting CLI versions from NPM for @storybook/addon-interactions...
[21:56:51.797] [DEBUG] An issue occurred while trying to find dependencies metadata using npm.
[21:56:51.797] [DEBUG] Getting CLI versions from NPM for @storybook/test...
[21:56:51.803] [DEBUG] An issue occurred while trying to find dependencies metadata using npm.
[21:56:51.803] [DEBUG] Getting CLI versions from NPM for @storybook/manager-api...
[21:56:51.815] [DEBUG] An issue occurred while trying to find dependencies metadata using npm.
[21:56:51.815] [DEBUG] Getting CLI versions from NPM for @storybook/blocks...
[21:56:51.854] [DEBUG] An issue occurred while trying to find dependencies metadata using npm.
[21:56:51.854] [DEBUG] Getting CLI versions from NPM for @storybook/theming...
[21:56:51.979] [DEBUG] An issue occurred while trying to find dependencies metadata using npm.
[21:56:51.979] [DEBUG] Getting CLI versions from NPM for @storybook/addon-styling-webpack...
[21:56:53.004] [DEBUG] Checking fix initial-globals for project projects/ngx-json-schema-viewer/.storybook...
[21:56:53.026] [DEBUG] Checking fix addon-a11y-addon-test for project projects/ngx-json-schema-viewer/.storybook...
[21:56:53.027] [DEBUG] Checking fix consolidated-imports for project projects/ngx-json-schema-viewer/.storybook...
[21:56:53.027] [DEBUG] Checking fix addon-experimental-test for project projects/ngx-json-schema-viewer/.storybook...
[21:56:53.027] [DEBUG] Using cached installed version for @storybook/experimental-addon-test...
[21:56:53.027] [DEBUG] Checking fix rnstorybook-config for project projects/ngx-json-schema-viewer/.storybook...
[21:56:53.027] [DEBUG] Checking fix remove-addon-interactions for project projects/ngx-json-schema-viewer/.storybook...
[21:56:53.028] [DEBUG] Checking fix renderer-to-framework for project projects/ngx-json-schema-viewer/.storybook...
[21:56:53.028] [DEBUG] Checking fix remove-essential-addons for project projects/ngx-json-schema-viewer/.storybook...
[21:56:53.028] [DEBUG] Checking fix addon-a11y-parameters for project projects/ngx-json-schema-viewer/.storybook...
[21:56:53.028] [DEBUG] Checking fix remove-docs-autodocs for project projects/ngx-json-schema-viewer/.storybook...
[21:56:53.033] [DEBUG] Checking fix wrap-require for project projects/ngx-json-schema-viewer/.storybook...
[21:56:53.043] [INFO] detect-automigrations-task: 
Automigrations detected:
[21:56:53.049] [INFO] detect-automigrations-task: ✔ consolidated-imports
[21:56:53.054] [INFO] detect-automigrations-task: ✔ remove-addon-interactions
[21:56:53.060] [INFO] detect-automigrations-task: ✔ remove-essential-addons
[21:56:53.060] [INFO] detect-automigrations-task-success: 3 automigration(s) detected
[21:56:53.060] [INFO] Running all detected automigrations:
[21:56:53.065] [INFO]   - consolidated-imports (projects/ngx-json-schema-viewer/.storybook)
[21:56:53.071] [INFO]   - remove-addon-interactions (projects/ngx-json-schema-viewer/.storybook)
[21:56:53.076] [INFO]   - remove-essential-addons (projects/ngx-json-schema-viewer/.storybook)
[21:56:53.082] [INFO] automigrate-projects/ngx-json-schema-viewer/.storybook-task-start: Running automigrations for projects/ngx-json-schema-viewer/.storybook
[21:56:53.099] [INFO] automigrate-projects/ngx-json-schema-viewer/.storybook-task: ✔ consolidated-imports
[21:56:53.103] [DEBUG] Uninstalling @storybook/addon-interactions
[21:56:53.103] [DEBUG] Removing '@storybook/addon-interactions' from main.js addons field.
[21:56:53.116] [INFO] automigrate-projects/ngx-json-schema-viewer/.storybook-task: ✔ remove-addon-interactions
[21:56:53.119] [DEBUG] Uninstalling @storybook/addon-essentials
[21:56:53.119] [DEBUG] Removing '@storybook/addon-essentials' from main.js addons field.
[21:56:53.124] [DEBUG] Getting Storybook info...
[21:56:53.124] [DEBUG] Loading main config...
[21:56:53.130] [DEBUG] Getting stories paths...
[21:56:53.131] [DEBUG] Getting package manager...
[21:56:53.134] [DEBUG] Getting Storybook version...
[21:56:53.143] [INFO] automigrate-projects/ngx-json-schema-viewer/.storybook-task: Verifying @storybook/addon-docs
[21:56:53.149] [INFO] automigrate-projects/ngx-json-schema-viewer/.storybook-task: Installing @storybook/addon-docs@^9.0.12
[21:56:53.149] [DEBUG] Using cached version for @storybook/addon-docs...
[21:56:53.154] [INFO] automigrate-projects/ngx-json-schema-viewer/.storybook-task: Adding '@storybook/addon-docs' to the "addons" field in
projects/ngx-json-schema-viewer/.storybook/main.ts
[21:56:53.171] [INFO] automigrate-projects/ngx-json-schema-viewer/.storybook-task: ✔ remove-essential-addons
[21:56:53.171] [INFO] automigrate-projects/ngx-json-schema-viewer/.storybook-task-success: Completed automigrations for projects/ngx-json-schema-viewer/.storybook
[21:56:53.172] [INFO] Installing dependencies...
[21:56:53.172] [INFO] install-dependencies-task-start: Installing dependencies...
[21:57:03.766] [INFO] added 8 packages, removed 36 packages, changed 25 packages, and audited 1288 packages in 11s

228 packages are looking for funding
  run `npm fund` for details
[21:57:03.774] [INFO] install-dependencies-task: added 8 packages, removed 36 packages, changed 25 packages, and
audited 1288 packages in 11s

228 packages are looking for funding
run `npm fund` for details
[21:57:03.776] [INFO] 3 vulnerabilities (1 low, 2 moderate)

To address all issues, run:
  npm audit fix

Run `npm audit` for details.
[21:57:03.783] [INFO] install-dependencies-task: 3 vulnerabilities (1 low, 2 moderate)

To address all issues, run:
npm audit fix

Run `npm audit` for details.
[21:57:03.799] [INFO] Dependencies installed
[21:57:03.799] [INFO] install-dependencies-task-success: Dependencies installed
[21:57:03.800] [INFO] Checking the health of your project(s)..
[21:57:04.323] [DEBUG] An issue occurred while trying to find dependencies metadata using npm.
[21:57:04.324] [WARN] projects/ngx-json-schema-viewer/.storybook: 1 issue found
[21:57:04.330] [INFO] You are currently using Storybook 9.0.12 but you have packages which are incompatible with it:

- @storybook/addon-styling-webpack@1.0.1 which depends on ^8.0.0-alpha.10

Please consider updating your packages or contacting the maintainers for compatibility details.

For more on Storybook 9 compatibility, see the linked GitHub issue:
https://github.com/storybookjs/storybook/issues/30944
[21:57:04.330] [INFO] Incompatible Packages
[21:57:04.337] [INFO] You are currently using Storybook 9.0.12 but you have packages which are incompatible with it:

- @storybook/addon-styling-webpack@1.0.1 which depends on ^8.0.0-alpha.10

Please consider updating your packages or contacting the maintainers for compatibility details.

For more on Storybook 9 compatibility, see the linked GitHub issue:
https://github.com/storybookjs/storybook/issues/30944
[21:57:04.343] [INFO] Storybook doctor is complete!
[21:57:04.349] [INFO] You can always recheck the health of your project(s) by running:
npx storybook doctor
[21:57:04.355] [INFO] The upgrade is complete!
[21:57:04.361] [INFO] Your project(s) have been upgraded successfully, but some issues were found which need your attention, please check Storybook doctor logs above.
[21:57:04.383] [INFO] If you want to learn more about the automigrations that executed in your project(s), please check the following links:

• consolidated-imports
• remove-addon-interactions
• remove-essential-addons
[21:57:04.389] [INFO] For a full list of changes, please check our migration guide: https://storybook.js.org/docs/migration-guide
[21:57:04.396] [INFO] Attention: Storybook now collects completely anonymous telemetry regarding usage. This information is used to shape Storybook's roadmap and prioritize features.
[21:57:04.401] [INFO] You can learn more, including how to opt-out if you'd not like to participate in this anonymous program, by visiting the following URL:
[21:57:04.406] [INFO] https://storybook.js.org/telemetry
[21:57:04.412] [INFO] 